<?xml version="1.0" encoding="UTF-8"?>
<!-- Generated by org.testng.reporters.JUnitXMLReporter -->
<testsuite hostname="DESKTOP-JCULVNE" ignored="2" name="Test" tests="3" failures="3" timestamp="20 Jun 2019 06:29:45 GMT" time="3.273" errors="0">
  <testcase name="ValidEmailLoginTest" time="0.029" classname="com.training.sanity.tests.LoginTests">
    <failure type="java.lang.NullPointerException">
      <![CDATA[java.lang.NullPointerException
at com.training.sanity.tests.LoginTests.ValidEmailLoginTest(LoginTests.java:65)
... Removed 25 stack frames]]>
    </failure>
  </testcase> <!-- ValidEmailLoginTest -->
  <testcase name="ValidEmailLoginTest" time="0.006" classname="com.training.sanity.tests.LoginTests">
    <failure type="java.lang.NullPointerException">
      <![CDATA[java.lang.NullPointerException
at com.training.sanity.tests.LoginTests.ValidEmailLoginTest(LoginTests.java:65)
... Removed 25 stack frames]]>
    </failure>
  </testcase> <!-- ValidEmailLoginTest -->
  <testcase name="GenerateNewPassword" time="3.128" classname="com.training.sanity.tests.RETC_015">
    <failure type="java.lang.NullPointerException">
      <![CDATA[java.lang.NullPointerException
at com.google.common.base.Preconditions.checkNotNull(Preconditions.java:787)
at org.openqa.selenium.interactions.Actions.<init>(Actions.java:68)
at com.training.pom.Admindashboard.VerifyAdminLogout(Admindashboard.java:152)
at com.training.sanity.tests.RETC_015.GenerateNewPassword(RETC_015.java:32)
... Removed 25 stack frames]]>
    </failure>
  </testcase> <!-- GenerateNewPassword -->
  <testcase name="validLoginTest" time="0.0" classname="com.training.sanity.tests.LoginTests">
    <ignored/>
  </testcase> <!-- validLoginTest -->
  <testcase name="validLoginTest" time="0.0" classname="com.training.sanity.tests.LoginTests">
    <ignored/>
  </testcase> <!-- validLoginTest -->
</testsuite> <!-- Test -->
