<?xml version="1.0" encoding="UTF-8"?>
<!-- Generated by org.testng.reporters.JUnitXMLReporter -->
<testsuite hostname="DESKTOP-JCULVNE" ignored="1" name="Sample test" tests="1" failures="1" timestamp="20 Jun 2019 06:19:47 GMT" time="0.181" errors="0">
  <testcase name="ValidEmailLoginTest" time="0.048" classname="com.training.sanity.tests.LoginTests">
    <failure type="java.lang.NullPointerException">
      <![CDATA[java.lang.NullPointerException
at com.training.sanity.tests.LoginTests.ValidEmailLoginTest(LoginTests.java:65)
... Removed 25 stack frames]]>
    </failure>
  </testcase> <!-- ValidEmailLoginTest -->
  <testcase name="validLoginTest" time="0.0" classname="com.training.sanity.tests.LoginTests">
    <ignored/>
  </testcase> <!-- validLoginTest -->
</testsuite> <!-- Sample test -->
